Analysis & Synthesis report for FPGA_Edge_Detection
Wed Dec 04 19:29:31 2024
Quartus Prime Version 20.1.1 Build 720 11/11/2020 SJ Lite Edition


---------------------
; Table of Contents ;
---------------------
  1. Legal Notice
  2. Analysis & Synthesis Summary
  3. Analysis & Synthesis Settings
  4. Parallel Compilation
  5. Analysis & Synthesis Source Files Read
  6. Analysis & Synthesis Resource Usage Summary
  7. Analysis & Synthesis Resource Utilization by Entity
  8. User-Specified and Inferred Latches
  9. General Register Statistics
 10. Port Connectivity Checks: "SevenSegmentOutput:SevenSegmentDisplay"
 11. Post-Synthesis Netlist Statistics for Top Partition
 12. Elapsed Time Per Partition
 13. Analysis & Synthesis Messages



----------------
; Legal Notice ;
----------------
Copyright (C) 2020  Intel Corporation. All rights reserved.
Your use of Intel Corporation's design tools, logic functions 
and other software and tools, and any partner logic 
functions, and any output files from any of the foregoing 
(including device programming or simulation files), and any 
associated documentation or information are expressly subject 
to the terms and conditions of the Intel Program License 
Subscription Agreement, the Intel Quartus Prime License Agreement,
the Intel FPGA IP License Agreement, or other applicable license
agreement, including, without limitation, that your use is for
the sole purpose of programming logic devices manufactured by
Intel and sold by Intel or its authorized distributors.  Please
refer to the applicable agreement for further details, at
https://fpgasoftware.intel.com/eula.



+----------------------------------------------------------------------------------+
; Analysis & Synthesis Summary                                                     ;
+------------------------------------+---------------------------------------------+
; Analysis & Synthesis Status        ; Successful - Wed Dec 04 19:29:31 2024       ;
; Quartus Prime Version              ; 20.1.1 Build 720 11/11/2020 SJ Lite Edition ;
; Revision Name                      ; FPGA_Edge_Detection                         ;
; Top-level Entity Name              ; FPGA_Edge_Detection                         ;
; Family                             ; MAX 10                                      ;
; Total logic elements               ; 17                                          ;
;     Total combinational functions  ; 17                                          ;
;     Dedicated logic registers      ; 0                                           ;
; Total registers                    ; 0                                           ;
; Total pins                         ; 44                                          ;
; Total virtual pins                 ; 0                                           ;
; Total memory bits                  ; 0                                           ;
; Embedded Multiplier 9-bit elements ; 0                                           ;
; Total PLLs                         ; 0                                           ;
; UFM blocks                         ; 0                                           ;
; ADC blocks                         ; 0                                           ;
+------------------------------------+---------------------------------------------+


+--------------------------------------------------------------------------------------------------------------+
; Analysis & Synthesis Settings                                                                                ;
+------------------------------------------------------------------+---------------------+---------------------+
; Option                                                           ; Setting             ; Default Value       ;
+------------------------------------------------------------------+---------------------+---------------------+
; Device                                                           ; 10M50DAF484C7G      ;                     ;
; Top-level entity name                                            ; FPGA_Edge_Detection ; FPGA_Edge_Detection ;
; Family name                                                      ; MAX 10              ; Cyclone V           ;
; State Machine Processing                                         ; User-Encoded        ; Auto                ;
; Use smart compilation                                            ; Off                 ; Off                 ;
; Enable parallel Assembler and Timing Analyzer during compilation ; On                  ; On                  ;
; Enable compact report table                                      ; Off                 ; Off                 ;
; Restructure Multiplexers                                         ; Auto                ; Auto                ;
; Create Debugging Nodes for IP Cores                              ; Off                 ; Off                 ;
; Preserve fewer node names                                        ; On                  ; On                  ;
; Intel FPGA IP Evaluation Mode                                    ; Enable              ; Enable              ;
; Verilog Version                                                  ; Verilog_2001        ; Verilog_2001        ;
; VHDL Version                                                     ; VHDL_1993           ; VHDL_1993           ;
; Safe State Machine                                               ; Off                 ; Off                 ;
; Extract Verilog State Machines                                   ; On                  ; On                  ;
; Extract VHDL State Machines                                      ; On                  ; On                  ;
; Ignore Verilog initial constructs                                ; Off                 ; Off                 ;
; Iteration limit for constant Verilog loops                       ; 5000                ; 5000                ;
; Iteration limit for non-constant Verilog loops                   ; 250                 ; 250                 ;
; Add Pass-Through Logic to Inferred RAMs                          ; On                  ; On                  ;
; Infer RAMs from Raw Logic                                        ; On                  ; On                  ;
; Parallel Synthesis                                               ; On                  ; On                  ;
; DSP Block Balancing                                              ; Auto                ; Auto                ;
; NOT Gate Push-Back                                               ; On                  ; On                  ;
; Power-Up Don't Care                                              ; On                  ; On                  ;
; Remove Redundant Logic Cells                                     ; Off                 ; Off                 ;
; Remove Duplicate Registers                                       ; On                  ; On                  ;
; Ignore CARRY Buffers                                             ; Off                 ; Off                 ;
; Ignore CASCADE Buffers                                           ; Off                 ; Off                 ;
; Ignore GLOBAL Buffers                                            ; Off                 ; Off                 ;
; Ignore ROW GLOBAL Buffers                                        ; Off                 ; Off                 ;
; Ignore LCELL Buffers                                             ; Off                 ; Off                 ;
; Ignore SOFT Buffers                                              ; On                  ; On                  ;
; Limit AHDL Integers to 32 Bits                                   ; Off                 ; Off                 ;
; Optimization Technique                                           ; Balanced            ; Balanced            ;
; Carry Chain Length                                               ; 70                  ; 70                  ;
; Auto Carry Chains                                                ; On                  ; On                  ;
; Auto Open-Drain Pins                                             ; On                  ; On                  ;
; Perform WYSIWYG Primitive Resynthesis                            ; Off                 ; Off                 ;
; Auto ROM Replacement                                             ; On                  ; On                  ;
; Auto RAM Replacement                                             ; On                  ; On                  ;
; Auto DSP Block Replacement                                       ; On                  ; On                  ;
; Auto Shift Register Replacement                                  ; Auto                ; Auto                ;
; Allow Shift Register Merging across Hierarchies                  ; Auto                ; Auto                ;
; Auto Clock Enable Replacement                                    ; On                  ; On                  ;
; Strict RAM Replacement                                           ; Off                 ; Off                 ;
; Allow Synchronous Control Signals                                ; On                  ; On                  ;
; Force Use of Synchronous Clear Signals                           ; Off                 ; Off                 ;
; Auto RAM Block Balancing                                         ; On                  ; On                  ;
; Auto RAM to Logic Cell Conversion                                ; Off                 ; Off                 ;
; Auto Resource Sharing                                            ; Off                 ; Off                 ;
; Allow Any RAM Size For Recognition                               ; Off                 ; Off                 ;
; Allow Any ROM Size For Recognition                               ; Off                 ; Off                 ;
; Allow Any Shift Register Size For Recognition                    ; Off                 ; Off                 ;
; Use LogicLock Constraints during Resource Balancing              ; On                  ; On                  ;
; Ignore translate_off and synthesis_off directives                ; Off                 ; Off                 ;
; Timing-Driven Synthesis                                          ; On                  ; On                  ;
; Report Parameter Settings                                        ; On                  ; On                  ;
; Report Source Assignments                                        ; On                  ; On                  ;
; Report Connectivity Checks                                       ; On                  ; On                  ;
; Ignore Maximum Fan-Out Assignments                               ; Off                 ; Off                 ;
; Synchronization Register Chain Length                            ; 2                   ; 2                   ;
; Power Optimization During Synthesis                              ; Normal compilation  ; Normal compilation  ;
; HDL message level                                                ; Level2              ; Level2              ;
; Suppress Register Optimization Related Messages                  ; Off                 ; Off                 ;
; Number of Removed Registers Reported in Synthesis Report         ; 5000                ; 5000                ;
; Number of Swept Nodes Reported in Synthesis Report               ; 5000                ; 5000                ;
; Number of Inverted Registers Reported in Synthesis Report        ; 100                 ; 100                 ;
; Clock MUX Protection                                             ; On                  ; On                  ;
; Auto Gated Clock Conversion                                      ; Off                 ; Off                 ;
; Block Design Naming                                              ; Auto                ; Auto                ;
; SDC constraint protection                                        ; Off                 ; Off                 ;
; Synthesis Effort                                                 ; Auto                ; Auto                ;
; Shift Register Replacement - Allow Asynchronous Clear Signal     ; On                  ; On                  ;
; Pre-Mapping Resynthesis Optimization                             ; Off                 ; Off                 ;
; Analysis & Synthesis Message Level                               ; Medium              ; Medium              ;
; Disable Register Merging Across Hierarchies                      ; Auto                ; Auto                ;
; Resource Aware Inference For Block RAM                           ; On                  ; On                  ;
+------------------------------------------------------------------+---------------------+---------------------+


+------------------------------------------+
; Parallel Compilation                     ;
+----------------------------+-------------+
; Processors                 ; Number      ;
+----------------------------+-------------+
; Number detected on machine ; 22          ;
; Maximum allowed            ; 16          ;
;                            ;             ;
; Average used               ; 1.00        ;
; Maximum used               ; 1           ;
;                            ;             ;
; Usage by Processor         ; % Time Used ;
;     Processor 1            ; 100.0%      ;
+----------------------------+-------------+


+--------------------------------------------------------------------------------------------------------------------------------------------------+
; Analysis & Synthesis Source Files Read                                                                                                           ;
+----------------------------------+-----------------+-----------------+-----------------------------------------------------------------+---------+
; File Name with User-Entered Path ; Used in Netlist ; File Type       ; File Name with Absolute Path                                    ; Library ;
+----------------------------------+-----------------+-----------------+-----------------------------------------------------------------+---------+
; FPGA_Edge_Detection.vhd          ; yes             ; User VHDL File  ; D:/CS Projects/FPGA-Edge-Detection/vhdl/FPGA_Edge_Detection.vhd ;         ;
; MatrixPkg.vhd                    ; yes             ; User VHDL File  ; D:/CS Projects/FPGA-Edge-Detection/vhdl/MatrixPkg.vhd           ;         ;
; SevenSegmentOutput.vhd           ; yes             ; User VHDL File  ; D:/CS Projects/FPGA-Edge-Detection/vhdl/SevenSegmentOutput.vhd  ;         ;
+----------------------------------+-----------------+-----------------+-----------------------------------------------------------------+---------+


+-----------------------------------------------------------+
; Analysis & Synthesis Resource Usage Summary               ;
+---------------------------------------------+-------------+
; Resource                                    ; Usage       ;
+---------------------------------------------+-------------+
; Estimated Total logic elements              ; 17          ;
;                                             ;             ;
; Total combinational functions               ; 17          ;
; Logic element usage by number of LUT inputs ;             ;
;     -- 4 input functions                    ; 7           ;
;     -- 3 input functions                    ; 8           ;
;     -- <=2 input functions                  ; 2           ;
;                                             ;             ;
; Logic elements by mode                      ;             ;
;     -- normal mode                          ; 17          ;
;     -- arithmetic mode                      ; 0           ;
;                                             ;             ;
; Total registers                             ; 0           ;
;     -- Dedicated logic registers            ; 0           ;
;     -- I/O registers                        ; 0           ;
;                                             ;             ;
; I/O pins                                    ; 44          ;
;                                             ;             ;
; Embedded Multiplier 9-bit elements          ; 0           ;
;                                             ;             ;
; Maximum fan-out node                        ; reset~input ;
; Maximum fan-out                             ; 9           ;
; Total fan-out                               ; 123         ;
; Average fan-out                             ; 1.17        ;
+---------------------------------------------+-------------+


+-----------------------------------------------------------------------------------------------------------------------------------------------------------------------------------------------------------------------------------------------------------------------------------------------------+
; Analysis & Synthesis Resource Utilization by Entity                                                                                                                                                                                                                                                 ;
+---------------------------------------------+---------------------+---------------------------+-------------+------------+--------------+---------+-----------+------+--------------+------------+-------------------------------------------------------------+---------------------+--------------+
; Compilation Hierarchy Node                  ; Combinational ALUTs ; Dedicated Logic Registers ; Memory Bits ; UFM Blocks ; DSP Elements ; DSP 9x9 ; DSP 18x18 ; Pins ; Virtual Pins ; ADC blocks ; Full Hierarchy Name                                         ; Entity Name         ; Library Name ;
+---------------------------------------------+---------------------+---------------------------+-------------+------------+--------------+---------+-----------+------+--------------+------------+-------------------------------------------------------------+---------------------+--------------+
; |FPGA_Edge_Detection                        ; 17 (9)              ; 0 (0)                     ; 0           ; 0          ; 0            ; 0       ; 0         ; 44   ; 0            ; 0          ; |FPGA_Edge_Detection                                        ; FPGA_Edge_Detection ; work         ;
;    |SevenSegmentOutput:SevenSegmentDisplay| ; 8 (8)               ; 0 (0)                     ; 0           ; 0          ; 0            ; 0       ; 0         ; 0    ; 0            ; 0          ; |FPGA_Edge_Detection|SevenSegmentOutput:SevenSegmentDisplay ; SevenSegmentOutput  ; work         ;
+---------------------------------------------+---------------------+---------------------------+-------------+------------+--------------+---------+-----------+------+--------------+------------+-------------------------------------------------------------+---------------------+--------------+
Note: For table entries with two numbers listed, the numbers in parentheses indicate the number of resources of the given type used by the specific entity alone. The numbers listed outside of parentheses indicate the total resources of the given type used by the specific entity and all of its sub-entities in the hierarchy.


+---------------------------------------------------------------------------------------------------+
; User-Specified and Inferred Latches                                                               ;
+----------------------------------------------------+---------------------+------------------------+
; Latch Name                                         ; Latch Enable Signal ; Free of Timing Hazards ;
+----------------------------------------------------+---------------------+------------------------+
; i3[1]                                              ; GND                 ; yes                    ;
; i2[2]                                              ; GND                 ; yes                    ;
; i2[3]                                              ; GND                 ; yes                    ;
; i1[0]                                              ; GND                 ; yes                    ;
; i1[1]                                              ; GND                 ; yes                    ;
; i1[2]                                              ; GND                 ; yes                    ;
; i1[3]                                              ; GND                 ; yes                    ;
; i0[3]                                              ; GND                 ; yes                    ;
; Number of user-specified and inferred latches = 8  ;                     ;                        ;
+----------------------------------------------------+---------------------+------------------------+
Note: All latches listed above may not be present at the end of synthesis due to various synthesis optimizations.


+------------------------------------------------------+
; General Register Statistics                          ;
+----------------------------------------------+-------+
; Statistic                                    ; Value ;
+----------------------------------------------+-------+
; Total registers                              ; 0     ;
; Number of registers using Synchronous Clear  ; 0     ;
; Number of registers using Synchronous Load   ; 0     ;
; Number of registers using Asynchronous Clear ; 0     ;
; Number of registers using Asynchronous Load  ; 0     ;
; Number of registers using Clock Enable       ; 0     ;
; Number of registers using Preset             ; 0     ;
+----------------------------------------------+-------+


+--------------------------------------------------------------------+
; Port Connectivity Checks: "SevenSegmentOutput:SevenSegmentDisplay" ;
+-----------+-------+----------+-------------------------------------+
; Port      ; Type  ; Severity ; Details                             ;
+-----------+-------+----------+-------------------------------------+
; i0[1..0]  ; Input ; Info     ; Stuck at VCC                        ;
; i0[31..4] ; Input ; Info     ; Stuck at GND                        ;
; i0[2]     ; Input ; Info     ; Stuck at GND                        ;
; i1[31..4] ; Input ; Info     ; Stuck at GND                        ;
; i2[1..0]  ; Input ; Info     ; Stuck at VCC                        ;
; i2[31..4] ; Input ; Info     ; Stuck at GND                        ;
; i3[31..4] ; Input ; Info     ; Stuck at GND                        ;
; i3[3]     ; Input ; Info     ; Stuck at VCC                        ;
; i3[2]     ; Input ; Info     ; Stuck at GND                        ;
; i3[0]     ; Input ; Info     ; Stuck at VCC                        ;
+-----------+-------+----------+-------------------------------------+


+-----------------------------------------------------+
; Post-Synthesis Netlist Statistics for Top Partition ;
+-----------------------+-----------------------------+
; Type                  ; Count                       ;
+-----------------------+-----------------------------+
; boundary_port         ; 44                          ;
; cycloneiii_lcell_comb ; 20                          ;
;     normal            ; 20                          ;
;         0 data inputs ; 2                           ;
;         1 data inputs ; 1                           ;
;         2 data inputs ; 2                           ;
;         3 data inputs ; 8                           ;
;         4 data inputs ; 7                           ;
;                       ;                             ;
; Max LUT depth         ; 2.00                        ;
; Average LUT depth     ; 1.43                        ;
+-----------------------+-----------------------------+


+-------------------------------+
; Elapsed Time Per Partition    ;
+----------------+--------------+
; Partition Name ; Elapsed Time ;
+----------------+--------------+
; Top            ; 00:00:00     ;
+----------------+--------------+


+-------------------------------+
; Analysis & Synthesis Messages ;
+-------------------------------+
Info: *******************************************************************
Info: Running Quartus Prime Analysis & Synthesis
    Info: Version 20.1.1 Build 720 11/11/2020 SJ Lite Edition
    Info: Processing started: Wed Dec 04 19:29:22 2024
Info: Command: quartus_map --read_settings_files=on --write_settings_files=off FPGA_Edge_Detection -c FPGA_Edge_Detection
Warning (18236): Number of processors has not been specified which may cause overloading on shared machines.  Set the global assignment NUM_PARALLEL_PROCESSORS in your QSF to an appropriate value for best performance.
Info (20030): Parallel compilation is enabled and will use 16 of the 16 processors detected
Info (12021): Found 2 design units, including 1 entities, in source file fpga_edge_detection.vhd
    Info (12022): Found design unit 1: FPGA_Edge_Detection-STRUCT File: D:/CS Projects/FPGA-Edge-Detection/vhdl/FPGA_Edge_Detection.vhd Line: 17
    Info (12023): Found entity 1: FPGA_Edge_Detection File: D:/CS Projects/FPGA-Edge-Detection/vhdl/FPGA_Edge_Detection.vhd Line: 9
Info (12021): Found 1 design units, including 0 entities, in source file matrixpkg.vhd
    Info (12022): Found design unit 1: MatrixPkg File: D:/CS Projects/FPGA-Edge-Detection/vhdl/MatrixPkg.vhd Line: 7
Info (12021): Found 2 design units, including 1 entities, in source file sqrt_function.vhd
    Info (12022): Found design unit 1: sqrt_function-Behavioral File: D:/CS Projects/FPGA-Edge-Detection/vhdl/sqrt_function.vhd Line: 11
    Info (12023): Found entity 1: sqrt_function File: D:/CS Projects/FPGA-Edge-Detection/vhdl/sqrt_function.vhd Line: 6
Info (12021): Found 2 design units, including 1 entities, in source file sevensegmentcontroller.vhd
    Info (12022): Found design unit 1: SevenSegmentController-Behavioral File: D:/CS Projects/FPGA-Edge-Detection/vhdl/SevenSegmentController.vhd Line: 12
    Info (12023): Found entity 1: SevenSegmentController File: D:/CS Projects/FPGA-Edge-Detection/vhdl/SevenSegmentController.vhd Line: 5
Info (12021): Found 2 design units, including 1 entities, in source file sevensegmentoutput.vhd
    Info (12022): Found design unit 1: SevenSegmentOutput-Behavioral File: D:/CS Projects/FPGA-Edge-Detection/vhdl/SevenSegmentOutput.vhd Line: 14
    Info (12023): Found entity 1: SevenSegmentOutput File: D:/CS Projects/FPGA-Edge-Detection/vhdl/SevenSegmentOutput.vhd Line: 7
Info (12127): Elaborating entity "FPGA_Edge_Detection" for the top level hierarchy
Warning (10542): VHDL Variable Declaration warning at math_real_vhdl1993.vhd(2373): used initial value expression for variable "RECIPROCAL" because variable was never assigned a value File: c:/intelfpga_lite/20.1/quartus/libraries/vhdl/ieee/1993/math_real_vhdl1993.vhd Line: 2373
Warning (10492): VHDL Process Statement warning at FPGA_Edge_Detection.vhd(133): signal "edge_matrix" is read inside the Process Statement but isn't in the Process Statement's sensitivity list File: D:/CS Projects/FPGA-Edge-Detection/vhdl/FPGA_Edge_Detection.vhd Line: 133
Warning (10492): VHDL Process Statement warning at FPGA_Edge_Detection.vhd(139): signal "edge_matrix" is read inside the Process Statement but isn't in the Process Statement's sensitivity list File: D:/CS Projects/FPGA-Edge-Detection/vhdl/FPGA_Edge_Detection.vhd Line: 139
Warning (10631): VHDL Process Statement warning at FPGA_Edge_Detection.vhd(94): inferring latch(es) for signal or variable "edge_matrix", which holds its previous value in one or more paths through the process File: D:/CS Projects/FPGA-Edge-Detection/vhdl/FPGA_Edge_Detection.vhd Line: 94
Warning (10631): VHDL Process Statement warning at FPGA_Edge_Detection.vhd(94): inferring latch(es) for signal or variable "i0", which holds its previous value in one or more paths through the process File: D:/CS Projects/FPGA-Edge-Detection/vhdl/FPGA_Edge_Detection.vhd Line: 94
Warning (10631): VHDL Process Statement warning at FPGA_Edge_Detection.vhd(94): inferring latch(es) for signal or variable "i1", which holds its previous value in one or more paths through the process File: D:/CS Projects/FPGA-Edge-Detection/vhdl/FPGA_Edge_Detection.vhd Line: 94
Warning (10631): VHDL Process Statement warning at FPGA_Edge_Detection.vhd(94): inferring latch(es) for signal or variable "i2", which holds its previous value in one or more paths through the process File: D:/CS Projects/FPGA-Edge-Detection/vhdl/FPGA_Edge_Detection.vhd Line: 94
Warning (10631): VHDL Process Statement warning at FPGA_Edge_Detection.vhd(94): inferring latch(es) for signal or variable "i3", which holds its previous value in one or more paths through the process File: D:/CS Projects/FPGA-Edge-Detection/vhdl/FPGA_Edge_Detection.vhd Line: 94
Warning (10631): VHDL Process Statement warning at FPGA_Edge_Detection.vhd(94): inferring latch(es) for signal or variable "F", which holds its previous value in one or more paths through the process File: D:/CS Projects/FPGA-Edge-Detection/vhdl/FPGA_Edge_Detection.vhd Line: 94
Info (10041): Inferred latch for "i3[0]" at FPGA_Edge_Detection.vhd(94) File: D:/CS Projects/FPGA-Edge-Detection/vhdl/FPGA_Edge_Detection.vhd Line: 94
Info (10041): Inferred latch for "i3[1]" at FPGA_Edge_Detection.vhd(94) File: D:/CS Projects/FPGA-Edge-Detection/vhdl/FPGA_Edge_Detection.vhd Line: 94
Info (10041): Inferred latch for "i3[2]" at FPGA_Edge_Detection.vhd(94) File: D:/CS Projects/FPGA-Edge-Detection/vhdl/FPGA_Edge_Detection.vhd Line: 94
Info (10041): Inferred latch for "i3[3]" at FPGA_Edge_Detection.vhd(94) File: D:/CS Projects/FPGA-Edge-Detection/vhdl/FPGA_Edge_Detection.vhd Line: 94
Info (10041): Inferred latch for "i3[4]" at FPGA_Edge_Detection.vhd(94) File: D:/CS Projects/FPGA-Edge-Detection/vhdl/FPGA_Edge_Detection.vhd Line: 94
Info (10041): Inferred latch for "i3[5]" at FPGA_Edge_Detection.vhd(94) File: D:/CS Projects/FPGA-Edge-Detection/vhdl/FPGA_Edge_Detection.vhd Line: 94
Info (10041): Inferred latch for "i3[6]" at FPGA_Edge_Detection.vhd(94) File: D:/CS Projects/FPGA-Edge-Detection/vhdl/FPGA_Edge_Detection.vhd Line: 94
Info (10041): Inferred latch for "i3[7]" at FPGA_Edge_Detection.vhd(94) File: D:/CS Projects/FPGA-Edge-Detection/vhdl/FPGA_Edge_Detection.vhd Line: 94
Info (10041): Inferred latch for "i3[8]" at FPGA_Edge_Detection.vhd(94) File: D:/CS Projects/FPGA-Edge-Detection/vhdl/FPGA_Edge_Detection.vhd Line: 94
Info (10041): Inferred latch for "i3[9]" at FPGA_Edge_Detection.vhd(94) File: D:/CS Projects/FPGA-Edge-Detection/vhdl/FPGA_Edge_Detection.vhd Line: 94
Info (10041): Inferred latch for "i3[10]" at FPGA_Edge_Detection.vhd(94) File: D:/CS Projects/FPGA-Edge-Detection/vhdl/FPGA_Edge_Detection.vhd Line: 94
Info (10041): Inferred latch for "i3[11]" at FPGA_Edge_Detection.vhd(94) File: D:/CS Projects/FPGA-Edge-Detection/vhdl/FPGA_Edge_Detection.vhd Line: 94
Info (10041): Inferred latch for "i3[12]" at FPGA_Edge_Detection.vhd(94) File: D:/CS Projects/FPGA-Edge-Detection/vhdl/FPGA_Edge_Detection.vhd Line: 94
Info (10041): Inferred latch for "i3[13]" at FPGA_Edge_Detection.vhd(94) File: D:/CS Projects/FPGA-Edge-Detection/vhdl/FPGA_Edge_Detection.vhd Line: 94
Info (10041): Inferred latch for "i3[14]" at FPGA_Edge_Detection.vhd(94) File: D:/CS Projects/FPGA-Edge-Detection/vhdl/FPGA_Edge_Detection.vhd Line: 94
Info (10041): Inferred latch for "i3[15]" at FPGA_Edge_Detection.vhd(94) File: D:/CS Projects/FPGA-Edge-Detection/vhdl/FPGA_Edge_Detection.vhd Line: 94
Info (10041): Inferred latch for "i3[16]" at FPGA_Edge_Detection.vhd(94) File: D:/CS Projects/FPGA-Edge-Detection/vhdl/FPGA_Edge_Detection.vhd Line: 94
Info (10041): Inferred latch for "i3[17]" at FPGA_Edge_Detection.vhd(94) File: D:/CS Projects/FPGA-Edge-Detection/vhdl/FPGA_Edge_Detection.vhd Line: 94
Info (10041): Inferred latch for "i3[18]" at FPGA_Edge_Detection.vhd(94) File: D:/CS Projects/FPGA-Edge-Detection/vhdl/FPGA_Edge_Detection.vhd Line: 94
Info (10041): Inferred latch for "i3[19]" at FPGA_Edge_Detection.vhd(94) File: D:/CS Projects/FPGA-Edge-Detection/vhdl/FPGA_Edge_Detection.vhd Line: 94
Info (10041): Inferred latch for "i3[20]" at FPGA_Edge_Detection.vhd(94) File: D:/CS Projects/FPGA-Edge-Detection/vhdl/FPGA_Edge_Detection.vhd Line: 94
Info (10041): Inferred latch for "i3[21]" at FPGA_Edge_Detection.vhd(94) File: D:/CS Projects/FPGA-Edge-Detection/vhdl/FPGA_Edge_Detection.vhd Line: 94
Info (10041): Inferred latch for "i3[22]" at FPGA_Edge_Detection.vhd(94) File: D:/CS Projects/FPGA-Edge-Detection/vhdl/FPGA_Edge_Detection.vhd Line: 94
Info (10041): Inferred latch for "i3[23]" at FPGA_Edge_Detection.vhd(94) File: D:/CS Projects/FPGA-Edge-Detection/vhdl/FPGA_Edge_Detection.vhd Line: 94
Info (10041): Inferred latch for "i3[24]" at FPGA_Edge_Detection.vhd(94) File: D:/CS Projects/FPGA-Edge-Detection/vhdl/FPGA_Edge_Detection.vhd Line: 94
Info (10041): Inferred latch for "i3[25]" at FPGA_Edge_Detection.vhd(94) File: D:/CS Projects/FPGA-Edge-Detection/vhdl/FPGA_Edge_Detection.vhd Line: 94
Info (10041): Inferred latch for "i3[26]" at FPGA_Edge_Detection.vhd(94) File: D:/CS Projects/FPGA-Edge-Detection/vhdl/FPGA_Edge_Detection.vhd Line: 94
Info (10041): Inferred latch for "i3[27]" at FPGA_Edge_Detection.vhd(94) File: D:/CS Projects/FPGA-Edge-Detection/vhdl/FPGA_Edge_Detection.vhd Line: 94
Info (10041): Inferred latch for "i3[28]" at FPGA_Edge_Detection.vhd(94) File: D:/CS Projects/FPGA-Edge-Detection/vhdl/FPGA_Edge_Detection.vhd Line: 94
Info (10041): Inferred latch for "i3[29]" at FPGA_Edge_Detection.vhd(94) File: D:/CS Projects/FPGA-Edge-Detection/vhdl/FPGA_Edge_Detection.vhd Line: 94
Info (10041): Inferred latch for "i3[30]" at FPGA_Edge_Detection.vhd(94) File: D:/CS Projects/FPGA-Edge-Detection/vhdl/FPGA_Edge_Detection.vhd Line: 94
Info (10041): Inferred latch for "i3[31]" at FPGA_Edge_Detection.vhd(94) File: D:/CS Projects/FPGA-Edge-Detection/vhdl/FPGA_Edge_Detection.vhd Line: 94
Info (10041): Inferred latch for "i2[0]" at FPGA_Edge_Detection.vhd(94) File: D:/CS Projects/FPGA-Edge-Detection/vhdl/FPGA_Edge_Detection.vhd Line: 94
Info (10041): Inferred latch for "i2[1]" at FPGA_Edge_Detection.vhd(94) File: D:/CS Projects/FPGA-Edge-Detection/vhdl/FPGA_Edge_Detection.vhd Line: 94
Info (10041): Inferred latch for "i2[2]" at FPGA_Edge_Detection.vhd(94) File: D:/CS Projects/FPGA-Edge-Detection/vhdl/FPGA_Edge_Detection.vhd Line: 94
Info (10041): Inferred latch for "i2[3]" at FPGA_Edge_Detection.vhd(94) File: D:/CS Projects/FPGA-Edge-Detection/vhdl/FPGA_Edge_Detection.vhd Line: 94
Info (10041): Inferred latch for "i2[4]" at FPGA_Edge_Detection.vhd(94) File: D:/CS Projects/FPGA-Edge-Detection/vhdl/FPGA_Edge_Detection.vhd Line: 94
Info (10041): Inferred latch for "i2[5]" at FPGA_Edge_Detection.vhd(94) File: D:/CS Projects/FPGA-Edge-Detection/vhdl/FPGA_Edge_Detection.vhd Line: 94
Info (10041): Inferred latch for "i2[6]" at FPGA_Edge_Detection.vhd(94) File: D:/CS Projects/FPGA-Edge-Detection/vhdl/FPGA_Edge_Detection.vhd Line: 94
Info (10041): Inferred latch for "i2[7]" at FPGA_Edge_Detection.vhd(94) File: D:/CS Projects/FPGA-Edge-Detection/vhdl/FPGA_Edge_Detection.vhd Line: 94
Info (10041): Inferred latch for "i2[8]" at FPGA_Edge_Detection.vhd(94) File: D:/CS Projects/FPGA-Edge-Detection/vhdl/FPGA_Edge_Detection.vhd Line: 94
Info (10041): Inferred latch for "i2[9]" at FPGA_Edge_Detection.vhd(94) File: D:/CS Projects/FPGA-Edge-Detection/vhdl/FPGA_Edge_Detection.vhd Line: 94
Info (10041): Inferred latch for "i2[10]" at FPGA_Edge_Detection.vhd(94) File: D:/CS Projects/FPGA-Edge-Detection/vhdl/FPGA_Edge_Detection.vhd Line: 94
Info (10041): Inferred latch for "i2[11]" at FPGA_Edge_Detection.vhd(94) File: D:/CS Projects/FPGA-Edge-Detection/vhdl/FPGA_Edge_Detection.vhd Line: 94
Info (10041): Inferred latch for "i2[12]" at FPGA_Edge_Detection.vhd(94) File: D:/CS Projects/FPGA-Edge-Detection/vhdl/FPGA_Edge_Detection.vhd Line: 94
Info (10041): Inferred latch for "i2[13]" at FPGA_Edge_Detection.vhd(94) File: D:/CS Projects/FPGA-Edge-Detection/vhdl/FPGA_Edge_Detection.vhd Line: 94
Info (10041): Inferred latch for "i2[14]" at FPGA_Edge_Detection.vhd(94) File: D:/CS Projects/FPGA-Edge-Detection/vhdl/FPGA_Edge_Detection.vhd Line: 94
Info (10041): Inferred latch for "i2[15]" at FPGA_Edge_Detection.vhd(94) File: D:/CS Projects/FPGA-Edge-Detection/vhdl/FPGA_Edge_Detection.vhd Line: 94
Info (10041): Inferred latch for "i2[16]" at FPGA_Edge_Detection.vhd(94) File: D:/CS Projects/FPGA-Edge-Detection/vhdl/FPGA_Edge_Detection.vhd Line: 94
Info (10041): Inferred latch for "i2[17]" at FPGA_Edge_Detection.vhd(94) File: D:/CS Projects/FPGA-Edge-Detection/vhdl/FPGA_Edge_Detection.vhd Line: 94
Info (10041): Inferred latch for "i2[18]" at FPGA_Edge_Detection.vhd(94) File: D:/CS Projects/FPGA-Edge-Detection/vhdl/FPGA_Edge_Detection.vhd Line: 94
Info (10041): Inferred latch for "i2[19]" at FPGA_Edge_Detection.vhd(94) File: D:/CS Projects/FPGA-Edge-Detection/vhdl/FPGA_Edge_Detection.vhd Line: 94
Info (10041): Inferred latch for "i2[20]" at FPGA_Edge_Detection.vhd(94) File: D:/CS Projects/FPGA-Edge-Detection/vhdl/FPGA_Edge_Detection.vhd Line: 94
Info (10041): Inferred latch for "i2[21]" at FPGA_Edge_Detection.vhd(94) File: D:/CS Projects/FPGA-Edge-Detection/vhdl/FPGA_Edge_Detection.vhd Line: 94
Info (10041): Inferred latch for "i2[22]" at FPGA_Edge_Detection.vhd(94) File: D:/CS Projects/FPGA-Edge-Detection/vhdl/FPGA_Edge_Detection.vhd Line: 94
Info (10041): Inferred latch for "i2[23]" at FPGA_Edge_Detection.vhd(94) File: D:/CS Projects/FPGA-Edge-Detection/vhdl/FPGA_Edge_Detection.vhd Line: 94
Info (10041): Inferred latch for "i2[24]" at FPGA_Edge_Detection.vhd(94) File: D:/CS Projects/FPGA-Edge-Detection/vhdl/FPGA_Edge_Detection.vhd Line: 94
Info (10041): Inferred latch for "i2[25]" at FPGA_Edge_Detection.vhd(94) File: D:/CS Projects/FPGA-Edge-Detection/vhdl/FPGA_Edge_Detection.vhd Line: 94
Info (10041): Inferred latch for "i2[26]" at FPGA_Edge_Detection.vhd(94) File: D:/CS Projects/FPGA-Edge-Detection/vhdl/FPGA_Edge_Detection.vhd Line: 94
Info (10041): Inferred latch for "i2[27]" at FPGA_Edge_Detection.vhd(94) File: D:/CS Projects/FPGA-Edge-Detection/vhdl/FPGA_Edge_Detection.vhd Line: 94
Info (10041): Inferred latch for "i2[28]" at FPGA_Edge_Detection.vhd(94) File: D:/CS Projects/FPGA-Edge-Detection/vhdl/FPGA_Edge_Detection.vhd Line: 94
Info (10041): Inferred latch for "i2[29]" at FPGA_Edge_Detection.vhd(94) File: D:/CS Projects/FPGA-Edge-Detection/vhdl/FPGA_Edge_Detection.vhd Line: 94
Info (10041): Inferred latch for "i2[30]" at FPGA_Edge_Detection.vhd(94) File: D:/CS Projects/FPGA-Edge-Detection/vhdl/FPGA_Edge_Detection.vhd Line: 94
Info (10041): Inferred latch for "i2[31]" at FPGA_Edge_Detection.vhd(94) File: D:/CS Projects/FPGA-Edge-Detection/vhdl/FPGA_Edge_Detection.vhd Line: 94
Info (10041): Inferred latch for "i1[0]" at FPGA_Edge_Detection.vhd(94) File: D:/CS Projects/FPGA-Edge-Detection/vhdl/FPGA_Edge_Detection.vhd Line: 94
Info (10041): Inferred latch for "i1[1]" at FPGA_Edge_Detection.vhd(94) File: D:/CS Projects/FPGA-Edge-Detection/vhdl/FPGA_Edge_Detection.vhd Line: 94
Info (10041): Inferred latch for "i1[2]" at FPGA_Edge_Detection.vhd(94) File: D:/CS Projects/FPGA-Edge-Detection/vhdl/FPGA_Edge_Detection.vhd Line: 94
Info (10041): Inferred latch for "i1[3]" at FPGA_Edge_Detection.vhd(94) File: D:/CS Projects/FPGA-Edge-Detection/vhdl/FPGA_Edge_Detection.vhd Line: 94
Info (10041): Inferred latch for "i1[4]" at FPGA_Edge_Detection.vhd(94) File: D:/CS Projects/FPGA-Edge-Detection/vhdl/FPGA_Edge_Detection.vhd Line: 94
Info (10041): Inferred latch for "i1[5]" at FPGA_Edge_Detection.vhd(94) File: D:/CS Projects/FPGA-Edge-Detection/vhdl/FPGA_Edge_Detection.vhd Line: 94
Info (10041): Inferred latch for "i1[6]" at FPGA_Edge_Detection.vhd(94) File: D:/CS Projects/FPGA-Edge-Detection/vhdl/FPGA_Edge_Detection.vhd Line: 94
Info (10041): Inferred latch for "i1[7]" at FPGA_Edge_Detection.vhd(94) File: D:/CS Projects/FPGA-Edge-Detection/vhdl/FPGA_Edge_Detection.vhd Line: 94
Info (10041): Inferred latch for "i1[8]" at FPGA_Edge_Detection.vhd(94) File: D:/CS Projects/FPGA-Edge-Detection/vhdl/FPGA_Edge_Detection.vhd Line: 94
Info (10041): Inferred latch for "i1[9]" at FPGA_Edge_Detection.vhd(94) File: D:/CS Projects/FPGA-Edge-Detection/vhdl/FPGA_Edge_Detection.vhd Line: 94
Info (10041): Inferred latch for "i1[10]" at FPGA_Edge_Detection.vhd(94) File: D:/CS Projects/FPGA-Edge-Detection/vhdl/FPGA_Edge_Detection.vhd Line: 94
Info (10041): Inferred latch for "i1[11]" at FPGA_Edge_Detection.vhd(94) File: D:/CS Projects/FPGA-Edge-Detection/vhdl/FPGA_Edge_Detection.vhd Line: 94
Info (10041): Inferred latch for "i1[12]" at FPGA_Edge_Detection.vhd(94) File: D:/CS Projects/FPGA-Edge-Detection/vhdl/FPGA_Edge_Detection.vhd Line: 94
Info (10041): Inferred latch for "i1[13]" at FPGA_Edge_Detection.vhd(94) File: D:/CS Projects/FPGA-Edge-Detection/vhdl/FPGA_Edge_Detection.vhd Line: 94
Info (10041): Inferred latch for "i1[14]" at FPGA_Edge_Detection.vhd(94) File: D:/CS Projects/FPGA-Edge-Detection/vhdl/FPGA_Edge_Detection.vhd Line: 94
Info (10041): Inferred latch for "i1[15]" at FPGA_Edge_Detection.vhd(94) File: D:/CS Projects/FPGA-Edge-Detection/vhdl/FPGA_Edge_Detection.vhd Line: 94
Info (10041): Inferred latch for "i1[16]" at FPGA_Edge_Detection.vhd(94) File: D:/CS Projects/FPGA-Edge-Detection/vhdl/FPGA_Edge_Detection.vhd Line: 94
Info (10041): Inferred latch for "i1[17]" at FPGA_Edge_Detection.vhd(94) File: D:/CS Projects/FPGA-Edge-Detection/vhdl/FPGA_Edge_Detection.vhd Line: 94
Info (10041): Inferred latch for "i1[18]" at FPGA_Edge_Detection.vhd(94) File: D:/CS Projects/FPGA-Edge-Detection/vhdl/FPGA_Edge_Detection.vhd Line: 94
Info (10041): Inferred latch for "i1[19]" at FPGA_Edge_Detection.vhd(94) File: D:/CS Projects/FPGA-Edge-Detection/vhdl/FPGA_Edge_Detection.vhd Line: 94
Info (10041): Inferred latch for "i1[20]" at FPGA_Edge_Detection.vhd(94) File: D:/CS Projects/FPGA-Edge-Detection/vhdl/FPGA_Edge_Detection.vhd Line: 94
Info (10041): Inferred latch for "i1[21]" at FPGA_Edge_Detection.vhd(94) File: D:/CS Projects/FPGA-Edge-Detection/vhdl/FPGA_Edge_Detection.vhd Line: 94
Info (10041): Inferred latch for "i1[22]" at FPGA_Edge_Detection.vhd(94) File: D:/CS Projects/FPGA-Edge-Detection/vhdl/FPGA_Edge_Detection.vhd Line: 94
Info (10041): Inferred latch for "i1[23]" at FPGA_Edge_Detection.vhd(94) File: D:/CS Projects/FPGA-Edge-Detection/vhdl/FPGA_Edge_Detection.vhd Line: 94
Info (10041): Inferred latch for "i1[24]" at FPGA_Edge_Detection.vhd(94) File: D:/CS Projects/FPGA-Edge-Detection/vhdl/FPGA_Edge_Detection.vhd Line: 94
Info (10041): Inferred latch for "i1[25]" at FPGA_Edge_Detection.vhd(94) File: D:/CS Projects/FPGA-Edge-Detection/vhdl/FPGA_Edge_Detection.vhd Line: 94
Info (10041): Inferred latch for "i1[26]" at FPGA_Edge_Detection.vhd(94) File: D:/CS Projects/FPGA-Edge-Detection/vhdl/FPGA_Edge_Detection.vhd Line: 94
Info (10041): Inferred latch for "i1[27]" at FPGA_Edge_Detection.vhd(94) File: D:/CS Projects/FPGA-Edge-Detection/vhdl/FPGA_Edge_Detection.vhd Line: 94
Info (10041): Inferred latch for "i1[28]" at FPGA_Edge_Detection.vhd(94) File: D:/CS Projects/FPGA-Edge-Detection/vhdl/FPGA_Edge_Detection.vhd Line: 94
Info (10041): Inferred latch for "i1[29]" at FPGA_Edge_Detection.vhd(94) File: D:/CS Projects/FPGA-Edge-Detection/vhdl/FPGA_Edge_Detection.vhd Line: 94
Info (10041): Inferred latch for "i1[30]" at FPGA_Edge_Detection.vhd(94) File: D:/CS Projects/FPGA-Edge-Detection/vhdl/FPGA_Edge_Detection.vhd Line: 94
Info (10041): Inferred latch for "i1[31]" at FPGA_Edge_Detection.vhd(94) File: D:/CS Projects/FPGA-Edge-Detection/vhdl/FPGA_Edge_Detection.vhd Line: 94
Info (10041): Inferred latch for "i0[0]" at FPGA_Edge_Detection.vhd(94) File: D:/CS Projects/FPGA-Edge-Detection/vhdl/FPGA_Edge_Detection.vhd Line: 94
Info (10041): Inferred latch for "i0[1]" at FPGA_Edge_Detection.vhd(94) File: D:/CS Projects/FPGA-Edge-Detection/vhdl/FPGA_Edge_Detection.vhd Line: 94
Info (10041): Inferred latch for "i0[2]" at FPGA_Edge_Detection.vhd(94) File: D:/CS Projects/FPGA-Edge-Detection/vhdl/FPGA_Edge_Detection.vhd Line: 94
Info (10041): Inferred latch for "i0[3]" at FPGA_Edge_Detection.vhd(94) File: D:/CS Projects/FPGA-Edge-Detection/vhdl/FPGA_Edge_Detection.vhd Line: 94
Info (10041): Inferred latch for "i0[4]" at FPGA_Edge_Detection.vhd(94) File: D:/CS Projects/FPGA-Edge-Detection/vhdl/FPGA_Edge_Detection.vhd Line: 94
Info (10041): Inferred latch for "i0[5]" at FPGA_Edge_Detection.vhd(94) File: D:/CS Projects/FPGA-Edge-Detection/vhdl/FPGA_Edge_Detection.vhd Line: 94
Info (10041): Inferred latch for "i0[6]" at FPGA_Edge_Detection.vhd(94) File: D:/CS Projects/FPGA-Edge-Detection/vhdl/FPGA_Edge_Detection.vhd Line: 94
Info (10041): Inferred latch for "i0[7]" at FPGA_Edge_Detection.vhd(94) File: D:/CS Projects/FPGA-Edge-Detection/vhdl/FPGA_Edge_Detection.vhd Line: 94
Info (10041): Inferred latch for "i0[8]" at FPGA_Edge_Detection.vhd(94) File: D:/CS Projects/FPGA-Edge-Detection/vhdl/FPGA_Edge_Detection.vhd Line: 94
Info (10041): Inferred latch for "i0[9]" at FPGA_Edge_Detection.vhd(94) File: D:/CS Projects/FPGA-Edge-Detection/vhdl/FPGA_Edge_Detection.vhd Line: 94
Info (10041): Inferred latch for "i0[10]" at FPGA_Edge_Detection.vhd(94) File: D:/CS Projects/FPGA-Edge-Detection/vhdl/FPGA_Edge_Detection.vhd Line: 94
Info (10041): Inferred latch for "i0[11]" at FPGA_Edge_Detection.vhd(94) File: D:/CS Projects/FPGA-Edge-Detection/vhdl/FPGA_Edge_Detection.vhd Line: 94
Info (10041): Inferred latch for "i0[12]" at FPGA_Edge_Detection.vhd(94) File: D:/CS Projects/FPGA-Edge-Detection/vhdl/FPGA_Edge_Detection.vhd Line: 94
Info (10041): Inferred latch for "i0[13]" at FPGA_Edge_Detection.vhd(94) File: D:/CS Projects/FPGA-Edge-Detection/vhdl/FPGA_Edge_Detection.vhd Line: 94
Info (10041): Inferred latch for "i0[14]" at FPGA_Edge_Detection.vhd(94) File: D:/CS Projects/FPGA-Edge-Detection/vhdl/FPGA_Edge_Detection.vhd Line: 94
Info (10041): Inferred latch for "i0[15]" at FPGA_Edge_Detection.vhd(94) File: D:/CS Projects/FPGA-Edge-Detection/vhdl/FPGA_Edge_Detection.vhd Line: 94
Info (10041): Inferred latch for "i0[16]" at FPGA_Edge_Detection.vhd(94) File: D:/CS Projects/FPGA-Edge-Detection/vhdl/FPGA_Edge_Detection.vhd Line: 94
Info (10041): Inferred latch for "i0[17]" at FPGA_Edge_Detection.vhd(94) File: D:/CS Projects/FPGA-Edge-Detection/vhdl/FPGA_Edge_Detection.vhd Line: 94
Info (10041): Inferred latch for "i0[18]" at FPGA_Edge_Detection.vhd(94) File: D:/CS Projects/FPGA-Edge-Detection/vhdl/FPGA_Edge_Detection.vhd Line: 94
Info (10041): Inferred latch for "i0[19]" at FPGA_Edge_Detection.vhd(94) File: D:/CS Projects/FPGA-Edge-Detection/vhdl/FPGA_Edge_Detection.vhd Line: 94
Info (10041): Inferred latch for "i0[20]" at FPGA_Edge_Detection.vhd(94) File: D:/CS Projects/FPGA-Edge-Detection/vhdl/FPGA_Edge_Detection.vhd Line: 94
Info (10041): Inferred latch for "i0[21]" at FPGA_Edge_Detection.vhd(94) File: D:/CS Projects/FPGA-Edge-Detection/vhdl/FPGA_Edge_Detection.vhd Line: 94
Info (10041): Inferred latch for "i0[22]" at FPGA_Edge_Detection.vhd(94) File: D:/CS Projects/FPGA-Edge-Detection/vhdl/FPGA_Edge_Detection.vhd Line: 94
Info (10041): Inferred latch for "i0[23]" at FPGA_Edge_Detection.vhd(94) File: D:/CS Projects/FPGA-Edge-Detection/vhdl/FPGA_Edge_Detection.vhd Line: 94
Info (10041): Inferred latch for "i0[24]" at FPGA_Edge_Detection.vhd(94) File: D:/CS Projects/FPGA-Edge-Detection/vhdl/FPGA_Edge_Detection.vhd Line: 94
Info (10041): Inferred latch for "i0[25]" at FPGA_Edge_Detection.vhd(94) File: D:/CS Projects/FPGA-Edge-Detection/vhdl/FPGA_Edge_Detection.vhd Line: 94
Info (10041): Inferred latch for "i0[26]" at FPGA_Edge_Detection.vhd(94) File: D:/CS Projects/FPGA-Edge-Detection/vhdl/FPGA_Edge_Detection.vhd Line: 94
Info (10041): Inferred latch for "i0[27]" at FPGA_Edge_Detection.vhd(94) File: D:/CS Projects/FPGA-Edge-Detection/vhdl/FPGA_Edge_Detection.vhd Line: 94
Info (10041): Inferred latch for "i0[28]" at FPGA_Edge_Detection.vhd(94) File: D:/CS Projects/FPGA-Edge-Detection/vhdl/FPGA_Edge_Detection.vhd Line: 94
Info (10041): Inferred latch for "i0[29]" at FPGA_Edge_Detection.vhd(94) File: D:/CS Projects/FPGA-Edge-Detection/vhdl/FPGA_Edge_Detection.vhd Line: 94
Info (10041): Inferred latch for "i0[30]" at FPGA_Edge_Detection.vhd(94) File: D:/CS Projects/FPGA-Edge-Detection/vhdl/FPGA_Edge_Detection.vhd Line: 94
Info (10041): Inferred latch for "i0[31]" at FPGA_Edge_Detection.vhd(94) File: D:/CS Projects/FPGA-Edge-Detection/vhdl/FPGA_Edge_Detection.vhd Line: 94
Info (10008): Verilog HDL or VHDL information: EDA Netlist Writer cannot regroup multidimensional array "edge_matrix" into its bus
Info (12128): Elaborating entity "SevenSegmentOutput" for hierarchy "SevenSegmentOutput:SevenSegmentDisplay" File: D:/CS Projects/FPGA-Edge-Detection/vhdl/FPGA_Edge_Detection.vhd Line: 78
Warning (13024): Output pins are stuck at VCC or GND
    Warning (13410): Pin "HEX0[4]" is stuck at VCC File: D:/CS Projects/FPGA-Edge-Detection/vhdl/FPGA_Edge_Detection.vhd Line: 13
    Warning (13410): Pin "HEX1[4]" is stuck at VCC File: D:/CS Projects/FPGA-Edge-Detection/vhdl/FPGA_Edge_Detection.vhd Line: 13
    Warning (13410): Pin "HEX1[5]" is stuck at VCC File: D:/CS Projects/FPGA-Edge-Detection/vhdl/FPGA_Edge_Detection.vhd Line: 13
    Warning (13410): Pin "HEX2[0]" is stuck at VCC File: D:/CS Projects/FPGA-Edge-Detection/vhdl/FPGA_Edge_Detection.vhd Line: 13
    Warning (13410): Pin "HEX2[1]" is stuck at VCC File: D:/CS Projects/FPGA-Edge-Detection/vhdl/FPGA_Edge_Detection.vhd Line: 13
    Warning (13410): Pin "HEX2[2]" is stuck at VCC File: D:/CS Projects/FPGA-Edge-Detection/vhdl/FPGA_Edge_Detection.vhd Line: 13
    Warning (13410): Pin "HEX2[3]" is stuck at VCC File: D:/CS Projects/FPGA-Edge-Detection/vhdl/FPGA_Edge_Detection.vhd Line: 13
    Warning (13410): Pin "HEX2[4]" is stuck at VCC File: D:/CS Projects/FPGA-Edge-Detection/vhdl/FPGA_Edge_Detection.vhd Line: 13
    Warning (13410): Pin "HEX2[5]" is stuck at VCC File: D:/CS Projects/FPGA-Edge-Detection/vhdl/FPGA_Edge_Detection.vhd Line: 13
    Warning (13410): Pin "HEX2[6]" is stuck at GND File: D:/CS Projects/FPGA-Edge-Detection/vhdl/FPGA_Edge_Detection.vhd Line: 13
    Warning (13410): Pin "HEX3[0]" is stuck at VCC File: D:/CS Projects/FPGA-Edge-Detection/vhdl/FPGA_Edge_Detection.vhd Line: 13
    Warning (13410): Pin "HEX3[1]" is stuck at VCC File: D:/CS Projects/FPGA-Edge-Detection/vhdl/FPGA_Edge_Detection.vhd Line: 13
    Warning (13410): Pin "HEX3[2]" is stuck at VCC File: D:/CS Projects/FPGA-Edge-Detection/vhdl/FPGA_Edge_Detection.vhd Line: 13
    Warning (13410): Pin "HEX3[3]" is stuck at VCC File: D:/CS Projects/FPGA-Edge-Detection/vhdl/FPGA_Edge_Detection.vhd Line: 13
    Warning (13410): Pin "HEX3[4]" is stuck at VCC File: D:/CS Projects/FPGA-Edge-Detection/vhdl/FPGA_Edge_Detection.vhd Line: 13
    Warning (13410): Pin "HEX3[5]" is stuck at VCC File: D:/CS Projects/FPGA-Edge-Detection/vhdl/FPGA_Edge_Detection.vhd Line: 13
    Warning (13410): Pin "HEX3[6]" is stuck at GND File: D:/CS Projects/FPGA-Edge-Detection/vhdl/FPGA_Edge_Detection.vhd Line: 13
    Warning (13410): Pin "HEX5[4]" is stuck at VCC File: D:/CS Projects/FPGA-Edge-Detection/vhdl/FPGA_Edge_Detection.vhd Line: 13
    Warning (13410): Pin "HEX5[5]" is stuck at VCC File: D:/CS Projects/FPGA-Edge-Detection/vhdl/FPGA_Edge_Detection.vhd Line: 13
Info (286030): Timing-Driven Synthesis is running
Info (16010): Generating hard_block partition "hard_block:auto_generated_inst"
    Info (16011): Adding 0 node(s), including 0 DDIO, 0 PLL, 0 transceiver and 0 LCELL
Info (21057): Implemented 61 device resources after synthesis - the final resource count might be different
    Info (21058): Implemented 2 input pins
    Info (21059): Implemented 42 output pins
    Info (21061): Implemented 17 logic cells
Info: Quartus Prime Analysis & Synthesis was successful. 0 errors, 30 warnings
    Info: Peak virtual memory: 4789 megabytes
    Info: Processing ended: Wed Dec 04 19:29:31 2024
    Info: Elapsed time: 00:00:09
    Info: Total CPU time (on all processors): 00:00:22


